2024-12-04 15:06:08 INFO  c.e.cart.SpringbootCartApplication - Starting SpringbootCartApplication using Java 21.0.4 with PID 2600 (E:\WorkSpace\springboot-csr-cart\target\classes started by NTPU in E:\WorkSpace\springboot-csr-cart)
2024-12-04 15:06:08 INFO  c.e.cart.SpringbootCartApplication - No active profile set, falling back to 1 default profile: "default"
2024-12-04 15:06:08 INFO  o.s.d.r.c.RepositoryConfigurationDelegate - Bootstrapping Spring Data JPA repositories in DEFAULT mode.
2024-12-04 15:06:08 INFO  o.s.d.r.c.RepositoryConfigurationDelegate - Finished Spring Data repository scanning in 33 ms. Found 5 JPA repository interfaces.
2024-12-04 15:06:08 INFO  o.s.b.w.e.tomcat.TomcatWebServer - Tomcat initialized with port 8080 (http)
2024-12-04 15:06:08 INFO  o.a.coyote.http11.Http11NioProtocol - Initializing ProtocolHandler ["http-nio-8080"]
2024-12-04 15:06:08 INFO  o.a.catalina.core.StandardService - Starting service [Tomcat]
2024-12-04 15:06:08 INFO  o.a.catalina.core.StandardEngine - Starting Servlet engine: [Apache Tomcat/10.1.31]
2024-12-04 15:06:09 INFO  o.a.c.c.C.[Tomcat].[localhost].[/] - Initializing Spring embedded WebApplicationContext
2024-12-04 15:06:09 INFO  o.s.b.w.s.c.ServletWebServerApplicationContext - Root WebApplicationContext: initialization completed in 705 ms
2024-12-04 15:06:09 INFO  o.h.jpa.internal.util.LogHelper - HHH000204: Processing PersistenceUnitInfo [name: default]
2024-12-04 15:06:09 INFO  org.hibernate.Version - HHH000412: Hibernate ORM core version 6.5.3.Final
2024-12-04 15:06:09 INFO  o.h.c.i.RegionFactoryInitiator - HHH000026: Second-level cache disabled
2024-12-04 15:06:09 INFO  o.s.o.j.p.SpringPersistenceUnitInfo - No LoadTimeWeaver setup: ignoring JPA class transformer
2024-12-04 15:06:09 INFO  com.zaxxer.hikari.HikariDataSource - HikariPool-1 - Starting...
2024-12-04 15:06:09 INFO  com.zaxxer.hikari.pool.HikariPool - HikariPool-1 - Added connection com.mysql.cj.jdbc.ConnectionImpl@24018c8b
2024-12-04 15:06:09 INFO  com.zaxxer.hikari.HikariDataSource - HikariPool-1 - Start completed.
2024-12-04 15:06:09 INFO  o.h.e.t.j.p.i.JtaPlatformInitiator - HHH000489: No JTA platform available (set 'hibernate.transaction.jta.platform' to enable JTA platform integration)
2024-12-04 15:06:09 INFO  o.s.o.j.LocalContainerEntityManagerFactoryBean - Initialized JPA EntityManagerFactory for persistence unit 'default'
2024-12-04 15:06:10 WARN  o.s.b.a.o.j.JpaBaseConfiguration$JpaWebConfiguration - spring.jpa.open-in-view is enabled by default. Therefore, database queries may be performed during view rendering. Explicitly configure spring.jpa.open-in-view to disable this warning
2024-12-04 15:06:10 INFO  o.a.coyote.http11.Http11NioProtocol - Starting ProtocolHandler ["http-nio-8080"]
2024-12-04 15:06:10 INFO  o.s.b.w.e.tomcat.TomcatWebServer - Tomcat started on port 8080 (http) with context path '/'
2024-12-04 15:06:10 INFO  c.e.cart.SpringbootCartApplication - Started SpringbootCartApplication in 2.396 seconds (process running for 2.714)
2024-12-04 15:06:17 INFO  o.a.c.c.C.[Tomcat].[localhost].[/] - Initializing Spring DispatcherServlet 'dispatcherServlet'
2024-12-04 15:06:17 INFO  o.s.web.servlet.DispatcherServlet - Initializing Servlet 'dispatcherServlet'
2024-12-04 15:06:17 INFO  o.s.web.servlet.DispatcherServlet - Completed initialization in 1 ms
2024-12-04 15:06:20 INFO  com.example.cart.aop.LogAspect - 結帳流程開始 - 方法: saveOrder
2024-12-04 15:06:20 INFO  com.example.cart.aop.LogAspect - 結帳流程完成 - 耗時: 42 ms
