2024-11-12T10:04:29.418+08:00  INFO 11404 --- [springboot-ssr-room] [main] c.e.demo.SpringbootSsrRoomApplication    : Starting SpringbootSsrRoomApplication using Java 21.0.4 with PID 11404 (E:\WorkSpace\springboot-ssr-room\target\classes started by NTPU in E:\WorkSpace\springboot-ssr-room)
2024-11-12T10:04:29.423+08:00  INFO 11404 --- [springboot-ssr-room] [main] c.e.demo.SpringbootSsrRoomApplication    : No active profile set, falling back to 1 default profile: "default"
2024-11-12T10:04:29.904+08:00  INFO 11404 --- [springboot-ssr-room] [main] .s.d.r.c.RepositoryConfigurationDelegate : Bootstrapping Spring Data JPA repositories in DEFAULT mode.
2024-11-12T10:04:29.944+08:00  INFO 11404 --- [springboot-ssr-room] [main] .s.d.r.c.RepositoryConfigurationDelegate : Finished Spring Data repository scanning in 35 ms. Found 1 JPA repository interface.
2024-11-12T10:04:30.264+08:00  INFO 11404 --- [springboot-ssr-room] [main] o.s.b.w.embedded.tomcat.TomcatWebServer  : Tomcat initialized with port 8081 (http)
2024-11-12T10:04:30.275+08:00  INFO 11404 --- [springboot-ssr-room] [main] o.apache.catalina.core.StandardService   : Starting service [Tomcat]
2024-11-12T10:04:30.275+08:00  INFO 11404 --- [springboot-ssr-room] [main] o.apache.catalina.core.StandardEngine    : Starting Servlet engine: [Apache Tomcat/10.1.31]
2024-11-12T10:04:30.402+08:00  INFO 11404 --- [springboot-ssr-room] [main] org.apache.jasper.servlet.TldScanner     : At least one JAR was scanned for TLDs yet contained no TLDs. Enable debug logging for this logger for a complete list of JARs that were scanned but no TLDs were found in them. Skipping unneeded JARs during scanning can improve startup time and JSP compilation time.
2024-11-12T10:04:30.406+08:00  INFO 11404 --- [springboot-ssr-room] [main] o.a.c.c.C.[Tomcat].[localhost].[/]       : Initializing Spring embedded WebApplicationContext
2024-11-12T10:04:30.406+08:00  INFO 11404 --- [springboot-ssr-room] [main] w.s.c.ServletWebServerApplicationContext : Root WebApplicationContext: initialization completed in 957 ms
2024-11-12T10:04:30.499+08:00  INFO 11404 --- [springboot-ssr-room] [main] o.hibernate.jpa.internal.util.LogHelper  : HHH000204: Processing PersistenceUnitInfo [name: default]
2024-11-12T10:04:30.548+08:00  INFO 11404 --- [springboot-ssr-room] [main] org.hibernate.Version                    : HHH000412: Hibernate ORM core version 6.5.3.Final
2024-11-12T10:04:30.578+08:00  INFO 11404 --- [springboot-ssr-room] [main] o.h.c.internal.RegionFactoryInitiator    : HHH000026: Second-level cache disabled
2024-11-12T10:04:30.780+08:00  INFO 11404 --- [springboot-ssr-room] [main] o.s.o.j.p.SpringPersistenceUnitInfo      : No LoadTimeWeaver setup: ignoring JPA class transformer
2024-11-12T10:04:30.801+08:00  INFO 11404 --- [springboot-ssr-room] [main] com.zaxxer.hikari.HikariDataSource       : HikariPool-1 - Starting...
2024-11-12T10:04:30.899+08:00  INFO 11404 --- [springboot-ssr-room] [main] com.zaxxer.hikari.pool.HikariPool        : HikariPool-1 - Added connection com.mysql.cj.jdbc.ConnectionImpl@750e2d33
2024-11-12T10:04:30.900+08:00  INFO 11404 --- [springboot-ssr-room] [main] com.zaxxer.hikari.HikariDataSource       : HikariPool-1 - Start completed.
2024-11-12T10:04:31.467+08:00  INFO 11404 --- [springboot-ssr-room] [main] o.h.e.t.j.p.i.JtaPlatformInitiator       : HHH000489: No JTA platform available (set 'hibernate.transaction.jta.platform' to enable JTA platform integration)
2024-11-12T10:04:31.501+08:00  INFO 11404 --- [springboot-ssr-room] [main] j.LocalContainerEntityManagerFactoryBean : Initialized JPA EntityManagerFactory for persistence unit 'default'
2024-11-12T10:04:31.573+08:00  WARN 11404 --- [springboot-ssr-room] [main] JpaBaseConfiguration$JpaWebConfiguration : spring.jpa.open-in-view is enabled by default. Therefore, database queries may be performed during view rendering. Explicitly configure spring.jpa.open-in-view to disable this warning
2024-11-12T10:04:31.911+08:00  INFO 11404 --- [springboot-ssr-room] [main] o.s.d.j.r.query.QueryEnhancerFactory     : Hibernate is in classpath; If applicable, HQL parser will be used.
2024-11-12T10:04:32.189+08:00  INFO 11404 --- [springboot-ssr-room] [main] o.s.b.w.embedded.tomcat.TomcatWebServer  : Tomcat started on port 8081 (http) with context path '/'
2024-11-12T10:04:32.194+08:00  INFO 11404 --- [springboot-ssr-room] [main] c.e.demo.SpringbootSsrRoomApplication    : Started SpringbootSsrRoomApplication in 3.02 seconds (process running for 3.428)
2024-11-12T10:06:48.964+08:00  INFO 11404 --- [springboot-ssr-room] [http-nio-8081-exec-1] o.a.c.c.C.[Tomcat].[localhost].[/]       : Initializing Spring DispatcherServlet 'dispatcherServlet'
2024-11-12T10:06:48.964+08:00  INFO 11404 --- [springboot-ssr-room] [http-nio-8081-exec-1] o.s.web.servlet.DispatcherServlet        : Initializing Servlet 'dispatcherServlet'
2024-11-12T10:06:48.965+08:00  INFO 11404 --- [springboot-ssr-room] [http-nio-8081-exec-1] o.s.web.servlet.DispatcherServlet        : Completed initialization in 1 ms
